<?xml version="1.0" encoding="UTF-8"?>
<!-- Generated by org.testng.reporters.JUnitXMLReporter -->
<testsuite ignored="0" hostname="SUNIL" failures="0" tests="2" name="Test" time="7.057" errors="0" timestamp="2023-06-26T01:36:34 IST">
  <testcase classname="javafirst.browerLaunch" name="@AfterTest Launch" time="-1.687723594847E9">
    <failure type="org.testng.TestNGException" message="
Can inject only one of &amp;lt;ITestContext, XmlTest&amp;gt; into a @AfterTest annotated Launch.
For more information on native dependency injection please refer to https://testng.org/doc/documentation-main.html#native-dependency-injection">
      <![CDATA[org.testng.TestNGException: 
Can inject only one of <ITestContext, XmlTest> into a @AfterTest annotated Launch.
For more information on native dependency injection please refer to https://testng.org/doc/documentation-main.html#native-dependency-injection
... Removed 21 stack frames]]>
    </failure>
  </testcase> <!-- @AfterTest Launch -->
  <testcase classname="javafirst.browerLaunch" name="driverset1" time="3.456"/>
  <testcase classname="javafirst.browerLaunch" name="driverset" time="6.982"/>
</testsuite> <!-- Test -->
